<?xml version="1.0" encoding="UTF-8"?>
<!-- Generated by org.testng.reporters.JUnitReportReporter -->
<testsuite hostname="DESKTOP-COQPCFG" failures="0" tests="6" name="PersonTestNGTest" time="0.101" errors="0" timestamp="2024-07-17T02:02:55 GMT+04:00" skipped="0">
  <testcase classname="PersonTestNGTest" name="testIsTeenager" time="0.022"/>
  <system-out/>
  <testcase classname="PersonTestNGTest" name="testIsTeenager" time="0.002"/>
  <system-out/>
  <testcase classname="PersonTestNGTest" name="testIsTeenager" time="0.065"/>
  <system-out/>
  <testcase classname="PersonTestNGTest" name="testIsTeenager" time="0.004"/>
  <system-out/>
  <testcase classname="PersonTestNGTest" name="testIsTeenager" time="0.005"/>
  <system-out/>
  <testcase classname="PersonTestNGTest" name="testIsTeenager" time="0.003"/>
  <system-out/>
</testsuite> <!-- PersonTestNGTest -->
